<?xml version="1.0" encoding="UTF-8"?>
<!-- Generated by org.testng.reporters.JUnitXMLReporter -->
<testsuite hostname="Shivanis-MacBook-Air.local" ignored="0" name="restassuredtests" tests="45" failures="11" timestamp="24 Oct 2019 23:36:31 GMT" time="3.659" errors="0">
  <testcase name="testResponseCode" time="0.003" classname="getRequest.GetData"/>
  <testcase name="testResponseLine" time="0.002" classname="getRequest.GetData"/>
  <testcase name="validateResponseBody" time="0.187" classname="getRequest.GetData">
    <failure type="java.lang.AssertionError" message="expected [product-code] but found [id]">
      <![CDATA[java.lang.AssertionError: expected [product-code] but found [id]
at getRequest.GetData.validateResponseBody(GetData.java:91)
... Removed 35 stack frames]]>
    </failure>
  </testcase> <!-- validateResponseBody -->
  <testcase name="validateHeaders" time="0.021" classname="getRequest.GetData"/>
  <testcase name="testResponseCode" time="0.0" classname="getRequest.GetDataId"/>
  <testcase name="testResponseLine" time="0.0" classname="getRequest.GetDataId"/>
  <testcase name="testResponseDataId" time="0.518" classname="getRequest.GetDataId"/>
  <testcase name="validateResponseBody" time="0.0" classname="getRequest.GetDataId">
    <failure type="java.lang.AssertionError" message="expected [product-code] but found [id]">
      <![CDATA[java.lang.AssertionError: expected [product-code] but found [id]
at getRequest.GetDataId.validateResponseBody(GetDataId.java:104)
... Removed 35 stack frames]]>
    </failure>
  </testcase> <!-- validateResponseBody -->
  <testcase name="validateHeaders" time="0.0" classname="getRequest.GetDataId"/>
  <testcase name="validateDataType" time="0.013" classname="getRequest.GetDataId">
    <failure type="java.lang.AssertionError" message="expected [float] but found [String]">
      <![CDATA[java.lang.AssertionError: expected [float] but found [String]
at getRequest.GetDataId.validateDataType(GetDataId.java:143)
... Removed 35 stack frames]]>
    </failure>
  </testcase> <!-- validateDataType -->
  <testcase name="testResponseCode" time="0.001" classname="getRequest.GetDataNegative"/>
  <testcase name="testResponseLine" time="0.0" classname="getRequest.GetDataNegative"/>
  <testcase name="validateResponseBody" time="0.023" classname="getRequest.GetDataNegative"/>
  <testcase name="validateHeaders" time="0.0" classname="getRequest.GetDataNegative">
    <failure type="java.lang.AssertionError" message="expected [application/json] but found [application/problem+json]">
      <![CDATA[java.lang.AssertionError: expected [application/json] but found [application/problem+json]
at getRequest.GetDataNegative.validateHeaders(GetDataNegative.java:102)
... Removed 35 stack frames]]>
    </failure>
  </testcase> <!-- validateHeaders -->
  <testcase name="testPostResponseCode" time="0.003" classname="postRequest.PostRequest"/>
  <testcase name="testPostResponseStatusLine" time="0.0" classname="postRequest.PostRequest"/>
  <testcase name="validateDB" time="0.047" classname="postRequest.PostRequest"/>
  <testcase name="testPostResponseCode" time="0.001" classname="postRequest.postMissingNode">
    <failure type="junit.framework.AssertionFailedError" message="expected:&amp;lt;404&amp;gt; but was:&amp;lt;400&amp;gt;">
      <![CDATA[junit.framework.AssertionFailedError: expected:<404> but was:<400>
at junit.framework.Assert.fail(Assert.java:47)
at junit.framework.Assert.failNotEquals(Assert.java:282)
at junit.framework.Assert.assertEquals(Assert.java:64)
at junit.framework.Assert.assertEquals(Assert.java:201)
at junit.framework.Assert.assertEquals(Assert.java:207)
at postRequest.postMissingNode.testPostResponseCode(postMissingNode.java:56)
... Removed 29 stack frames]]>
    </failure>
  </testcase> <!-- testPostResponseCode -->
  <testcase name="testPostResponseStatusLine" time="0.001" classname="postRequest.postMissingNode">
    <failure type="junit.framework.ComparisonFailure" message="expected:&amp;lt;...4...&amp;gt; but was:&amp;lt;...0...&amp;gt;">
      <![CDATA[junit.framework.ComparisonFailure: expected:<...4...> but was:<...0...>
at junit.framework.Assert.assertEquals(Assert.java:81)
at junit.framework.Assert.assertEquals(Assert.java:87)
at postRequest.postMissingNode.testPostResponseStatusLine(postMissingNode.java:73)
... Removed 29 stack frames]]>
    </failure>
  </testcase> <!-- testPostResponseStatusLine -->
  <testcase name="testPostResponseCode" time="0.0" classname="postRequest.PostRequestCode"/>
  <testcase name="validateDB" time="0.024" classname="postRequest.PostRequestCode"/>
  <testcase name="testPostResponseCode" time="0.0" classname="postRequest.PostRequestId">
    <failure type="junit.framework.AssertionFailedError" message="expected:&amp;lt;404&amp;gt; but was:&amp;lt;200&amp;gt;">
      <![CDATA[junit.framework.AssertionFailedError: expected:<404> but was:<200>
at junit.framework.Assert.fail(Assert.java:47)
at junit.framework.Assert.failNotEquals(Assert.java:282)
at junit.framework.Assert.assertEquals(Assert.java:64)
at junit.framework.Assert.assertEquals(Assert.java:201)
at junit.framework.Assert.assertEquals(Assert.java:207)
at postRequest.PostRequestId.testPostResponseCode(PostRequestId.java:60)
... Removed 29 stack frames]]>
    </failure>
  </testcase> <!-- testPostResponseCode -->
  <testcase name="testPutResponseCode" time="0.002" classname="putRequest.putId">
    <failure type="java.lang.AssertionError" message="expected:&amp;lt;404&amp;gt; but was:&amp;lt;200&amp;gt;">
      <![CDATA[java.lang.AssertionError: expected:<404> but was:<200>
at putRequest.putId.testPutResponseCode(putId.java:72)
... Removed 34 stack frames]]>
    </failure>
  </testcase> <!-- testPutResponseCode -->
  <testcase name="testPutResponseCode" time="0.001" classname="putRequest.putProductCode">
    <failure type="java.lang.AssertionError" message="expected:&amp;lt;404&amp;gt; but was:&amp;lt;200&amp;gt;">
      <![CDATA[java.lang.AssertionError: expected:<404> but was:<200>
at putRequest.putProductCode.testPutResponseCode(putProductCode.java:72)
... Removed 34 stack frames]]>
    </failure>
  </testcase> <!-- testPutResponseCode -->
  <testcase name="testPutResponseCode" time="0.001" classname="putRequest.putProductPrice">
    <failure type="java.lang.AssertionError" message="expected:&amp;lt;404&amp;gt; but was:&amp;lt;200&amp;gt;">
      <![CDATA[java.lang.AssertionError: expected:<404> but was:<200>
at putRequest.putProductPrice.testPutResponseCode(putProductPrice.java:72)
... Removed 34 stack frames]]>
    </failure>
  </testcase> <!-- testPutResponseCode -->
  <testcase name="testPutResponseCode" time="0.0" classname="putRequest.putMissingName"/>
  <testcase name="testPutResponseStatusLine" time="0.0" classname="putRequest.putMissingName"/>
  <testcase name="validateHeaders" time="0.0" classname="putRequest.putMissingName"/>
  <testcase name="validateDB" time="0.037" classname="putRequest.putMissingName"/>
  <testcase name="testPutResponseCode" time="0.0" classname="putRequest.putMissingPrice"/>
  <testcase name="testPutResponseStatusLine" time="0.0" classname="putRequest.putMissingPrice"/>
  <testcase name="validateHeaders" time="0.0" classname="putRequest.putMissingPrice"/>
  <testcase name="validateDB" time="0.047" classname="putRequest.putMissingPrice"/>
  <testcase name="testPutResponseCode" time="0.0" classname="putRequest.putRequest"/>
  <testcase name="testPutResponseStatusLine" time="0.0" classname="putRequest.putRequest"/>
  <testcase name="validateHeaders" time="0.001" classname="putRequest.putRequest"/>
  <testcase name="validateDB" time="0.032" classname="putRequest.putRequest"/>
  <testcase name="testDeleteResponseCode" time="0.0" classname="delete.delete"/>
  <testcase name="testDeleteResponseStatusLine" time="0.0" classname="delete.delete"/>
  <testcase name="validateHeaders" time="0.0" classname="delete.delete"/>
  <testcase name="validateDB" time="0.014" classname="delete.delete"/>
  <testcase name="testDeleteResponseCode" time="0.001" classname="delete.deleteMissing"/>
  <testcase name="testDeleteResponseStatusLine" time="0.002" classname="delete.deleteMissing"/>
  <testcase name="validateHeaders" time="0.002" classname="delete.deleteMissing">
    <failure type="java.lang.AssertionError" message="expected:&amp;lt;application/problem+json&amp;gt; but was:&amp;lt;application/json&amp;gt;">
      <![CDATA[java.lang.AssertionError: expected:<application/problem+json> but was:<application/json>
at delete.deleteMissing.validateHeaders(deleteMissing.java:92)
... Removed 31 stack frames]]>
    </failure>
  </testcase> <!-- validateHeaders -->
  <testcase name="testDeleteResponseBody" time="0.028" classname="delete.deleteMissing"/>
</testsuite> <!-- restassuredtests -->
