<html>
<head>
<title>TestNG:  restassuredtests</title>
<link href="../testng.css" rel="stylesheet" type="text/css" />
<link href="../my-testng.css" rel="stylesheet" type="text/css" />

<style type="text/css">
.log { display: none;} 
.stack-trace { display: none;} 
</style>
<script type="text/javascript">
<!--
function flip(e) {
  current = e.style.display;
  if (current == 'block') {
    e.style.display = 'none';
    return 0;
  }
  else {
    e.style.display = 'block';
    return 1;
  }
}

function toggleBox(szDivId, elem, msg1, msg2)
{
  var res = -1;  if (document.getElementById) {
    res = flip(document.getElementById(szDivId));
  }
  else if (document.all) {
    // this is the way old msie versions work
    res = flip(document.all[szDivId]);
  }
  if(elem) {
    if(res == 0) elem.innerHTML = msg1; else elem.innerHTML = msg2;
  }

}

function toggleAllBoxes() {
  if (document.getElementsByTagName) {
    d = document.getElementsByTagName('div');
    for (i = 0; i < d.length; i++) {
      if (d[i].className == 'log') {
        flip(d[i]);
      }
    }
  }
}

// -->
</script>

</head>
<body>
<h2 align='center'>restassuredtests</h2><table border='1' align="center">
<tr>
<td>Tests passed/Failed/Skipped:</td><td>32/11/0</td>
</tr><tr>
<td>Started on:</td><td>Thu Oct 24 21:23:31 BST 2019</td>
</tr>
<tr><td>Total time:</td><td>3 seconds (3208 ms)</td>
</tr><tr>
<td>Included groups:</td><td></td>
</tr><tr>
<td>Excluded groups:</td><td></td>
</tr>
</table><p/>
<small><i>(Hover the method name to see the test class name)</i></small><p/>
<table width='100%' border='1' class='invocation-failed'>
<tr><td colspan='4' align='center'><b>FAILED TESTS</b></td></tr>
<tr><td><b>Test method</b></td>
<td width="30%"><b>Exception</b></td>
<td width="10%"><b>Time (seconds)</b></td>
<td><b>Instance</b></td>
</tr>
<tr>
<td title='postRequest.postMissingNode.testPostResponseCode()'><b>testPostResponseCode</b><br>Test class: postRequest.postMissingNode</td>
<td><div><pre>junit.framework.AssertionFailedError: expected:&lt;404&gt; but was:&lt;400&gt;
	at junit.framework.Assert.fail(Assert.java:57)
	at junit.framework.Assert.failNotEquals(Assert.java:329)
	at junit.framework.Assert.assertEquals(Assert.java:78)
	at junit.framework.Assert.assertEquals(Assert.java:234)
	at junit.framework.Assert.assertEquals(Assert.java:241)
	at postRequest.postMissingNode.testPostResponseCode(postMissingNode.java:56)
... Removed 25 stack frames</pre></div><a href='#' onClick='toggleBox("stack-trace1209451152", this, "Click to show all stack frames", "Click to hide stack frames")'>Click to show all stack frames</a>
<div class='stack-trace' id='stack-trace1209451152'><pre>junit.framework.AssertionFailedError: expected:&lt;404&gt; but was:&lt;400&gt;
	at junit.framework.Assert.fail(Assert.java:57)
	at junit.framework.Assert.failNotEquals(Assert.java:329)
	at junit.framework.Assert.assertEquals(Assert.java:78)
	at junit.framework.Assert.assertEquals(Assert.java:234)
	at junit.framework.Assert.assertEquals(Assert.java:241)
	at postRequest.postMissingNode.testPostResponseCode(postMissingNode.java:56)
	at sun.reflect.NativeMethodAccessorImpl.invoke0(Native Method)
	at sun.reflect.NativeMethodAccessorImpl.invoke(NativeMethodAccessorImpl.java:62)
	at sun.reflect.DelegatingMethodAccessorImpl.invoke(DelegatingMethodAccessorImpl.java:43)
	at java.lang.reflect.Method.invoke(Method.java:498)
	at org.testng.internal.MethodInvocationHelper.invokeMethod(MethodInvocationHelper.java:124)
	at org.testng.internal.Invoker.invokeMethod(Invoker.java:583)
	at org.testng.internal.Invoker.invokeTestMethod(Invoker.java:719)
	at org.testng.internal.Invoker.invokeTestMethods(Invoker.java:989)
	at org.testng.internal.TestMethodWorker.invokeTestMethods(TestMethodWorker.java:125)
	at org.testng.internal.TestMethodWorker.run(TestMethodWorker.java:109)
	at org.testng.TestRunner.privateRun(TestRunner.java:648)
	at org.testng.TestRunner.run(TestRunner.java:505)
	at org.testng.SuiteRunner.runTest(SuiteRunner.java:455)
	at org.testng.SuiteRunner.runSequentially(SuiteRunner.java:450)
	at org.testng.SuiteRunner.privateRun(SuiteRunner.java:415)
	at org.testng.SuiteRunner.run(SuiteRunner.java:364)
	at org.testng.SuiteRunnerWorker.runSuite(SuiteRunnerWorker.java:52)
	at org.testng.SuiteRunnerWorker.run(SuiteRunnerWorker.java:84)
	at org.testng.TestNG.runSuitesSequentially(TestNG.java:1208)
	at org.testng.TestNG.runSuitesLocally(TestNG.java:1137)
	at org.testng.TestNG.runSuites(TestNG.java:1049)
	at org.testng.TestNG.run(TestNG.java:1017)
	at org.testng.remote.AbstractRemoteTestNG.run(AbstractRemoteTestNG.java:115)
	at org.testng.remote.RemoteTestNG.initAndRun(RemoteTestNG.java:251)
	at org.testng.remote.RemoteTestNG.main(RemoteTestNG.java:77)
</pre></div></td>
<td>0</td>
<td>postRequest.postMissingNode@6093dd95</td></tr>
<tr>
<td title='postRequest.PostRequestId.testPostResponseCode()'><b>testPostResponseCode</b><br>Test class: postRequest.PostRequestId</td>
<td><div><pre>junit.framework.AssertionFailedError: expected:&lt;404&gt; but was:&lt;200&gt;
	at junit.framework.Assert.fail(Assert.java:57)
	at junit.framework.Assert.failNotEquals(Assert.java:329)
	at junit.framework.Assert.assertEquals(Assert.java:78)
	at junit.framework.Assert.assertEquals(Assert.java:234)
	at junit.framework.Assert.assertEquals(Assert.java:241)
	at postRequest.PostRequestId.testPostResponseCode(PostRequestId.java:60)
... Removed 25 stack frames</pre></div><a href='#' onClick='toggleBox("stack-trace416049054", this, "Click to show all stack frames", "Click to hide stack frames")'>Click to show all stack frames</a>
<div class='stack-trace' id='stack-trace416049054'><pre>junit.framework.AssertionFailedError: expected:&lt;404&gt; but was:&lt;200&gt;
	at junit.framework.Assert.fail(Assert.java:57)
	at junit.framework.Assert.failNotEquals(Assert.java:329)
	at junit.framework.Assert.assertEquals(Assert.java:78)
	at junit.framework.Assert.assertEquals(Assert.java:234)
	at junit.framework.Assert.assertEquals(Assert.java:241)
	at postRequest.PostRequestId.testPostResponseCode(PostRequestId.java:60)
	at sun.reflect.NativeMethodAccessorImpl.invoke0(Native Method)
	at sun.reflect.NativeMethodAccessorImpl.invoke(NativeMethodAccessorImpl.java:62)
	at sun.reflect.DelegatingMethodAccessorImpl.invoke(DelegatingMethodAccessorImpl.java:43)
	at java.lang.reflect.Method.invoke(Method.java:498)
	at org.testng.internal.MethodInvocationHelper.invokeMethod(MethodInvocationHelper.java:124)
	at org.testng.internal.Invoker.invokeMethod(Invoker.java:583)
	at org.testng.internal.Invoker.invokeTestMethod(Invoker.java:719)
	at org.testng.internal.Invoker.invokeTestMethods(Invoker.java:989)
	at org.testng.internal.TestMethodWorker.invokeTestMethods(TestMethodWorker.java:125)
	at org.testng.internal.TestMethodWorker.run(TestMethodWorker.java:109)
	at org.testng.TestRunner.privateRun(TestRunner.java:648)
	at org.testng.TestRunner.run(TestRunner.java:505)
	at org.testng.SuiteRunner.runTest(SuiteRunner.java:455)
	at org.testng.SuiteRunner.runSequentially(SuiteRunner.java:450)
	at org.testng.SuiteRunner.privateRun(SuiteRunner.java:415)
	at org.testng.SuiteRunner.run(SuiteRunner.java:364)
	at org.testng.SuiteRunnerWorker.runSuite(SuiteRunnerWorker.java:52)
	at org.testng.SuiteRunnerWorker.run(SuiteRunnerWorker.java:84)
	at org.testng.TestNG.runSuitesSequentially(TestNG.java:1208)
	at org.testng.TestNG.runSuitesLocally(TestNG.java:1137)
	at org.testng.TestNG.runSuites(TestNG.java:1049)
	at org.testng.TestNG.run(TestNG.java:1017)
	at org.testng.remote.AbstractRemoteTestNG.run(AbstractRemoteTestNG.java:115)
	at org.testng.remote.RemoteTestNG.initAndRun(RemoteTestNG.java:251)
	at org.testng.remote.RemoteTestNG.main(RemoteTestNG.java:77)
</pre></div></td>
<td>0</td>
<td>postRequest.PostRequestId@4883b407</td></tr>
<tr>
<td title='postRequest.postMissingNode.testPostResponseStatusLine()'><b>testPostResponseStatusLine</b><br>Test class: postRequest.postMissingNode</td>
<td><div><pre>junit.framework.ComparisonFailure: expected:&lt;HTTP/1.1 40[0] BAD REQUEST&gt; but was:&lt;HTTP/1.1 40[4] BAD REQUEST&gt;
	at junit.framework.Assert.assertEquals(Assert.java:100)
	at junit.framework.Assert.assertEquals(Assert.java:107)
	at postRequest.postMissingNode.testPostResponseStatusLine(postMissingNode.java:73)
... Removed 25 stack frames</pre></div><a href='#' onClick='toggleBox("stack-trace2048102341", this, "Click to show all stack frames", "Click to hide stack frames")'>Click to show all stack frames</a>
<div class='stack-trace' id='stack-trace2048102341'><pre>junit.framework.ComparisonFailure: expected:&lt;HTTP/1.1 40[0] BAD REQUEST&gt; but was:&lt;HTTP/1.1 40[4] BAD REQUEST&gt;
	at junit.framework.Assert.assertEquals(Assert.java:100)
	at junit.framework.Assert.assertEquals(Assert.java:107)
	at postRequest.postMissingNode.testPostResponseStatusLine(postMissingNode.java:73)
	at sun.reflect.NativeMethodAccessorImpl.invoke0(Native Method)
	at sun.reflect.NativeMethodAccessorImpl.invoke(NativeMethodAccessorImpl.java:62)
	at sun.reflect.DelegatingMethodAccessorImpl.invoke(DelegatingMethodAccessorImpl.java:43)
	at java.lang.reflect.Method.invoke(Method.java:498)
	at org.testng.internal.MethodInvocationHelper.invokeMethod(MethodInvocationHelper.java:124)
	at org.testng.internal.Invoker.invokeMethod(Invoker.java:583)
	at org.testng.internal.Invoker.invokeTestMethod(Invoker.java:719)
	at org.testng.internal.Invoker.invokeTestMethods(Invoker.java:989)
	at org.testng.internal.TestMethodWorker.invokeTestMethods(TestMethodWorker.java:125)
	at org.testng.internal.TestMethodWorker.run(TestMethodWorker.java:109)
	at org.testng.TestRunner.privateRun(TestRunner.java:648)
	at org.testng.TestRunner.run(TestRunner.java:505)
	at org.testng.SuiteRunner.runTest(SuiteRunner.java:455)
	at org.testng.SuiteRunner.runSequentially(SuiteRunner.java:450)
	at org.testng.SuiteRunner.privateRun(SuiteRunner.java:415)
	at org.testng.SuiteRunner.run(SuiteRunner.java:364)
	at org.testng.SuiteRunnerWorker.runSuite(SuiteRunnerWorker.java:52)
	at org.testng.SuiteRunnerWorker.run(SuiteRunnerWorker.java:84)
	at org.testng.TestNG.runSuitesSequentially(TestNG.java:1208)
	at org.testng.TestNG.runSuitesLocally(TestNG.java:1137)
	at org.testng.TestNG.runSuites(TestNG.java:1049)
	at org.testng.TestNG.run(TestNG.java:1017)
	at org.testng.remote.AbstractRemoteTestNG.run(AbstractRemoteTestNG.java:115)
	at org.testng.remote.RemoteTestNG.initAndRun(RemoteTestNG.java:251)
	at org.testng.remote.RemoteTestNG.main(RemoteTestNG.java:77)
</pre></div></td>
<td>0</td>
<td>postRequest.postMissingNode@6093dd95</td></tr>
<tr>
<td title='postRequest.PostRequestCode.validateDB()'><b>validateDB</b><br>Test class: postRequest.PostRequestCode</td>
<td><div><pre>junit.framework.AssertionFailedError: expected:&lt;200&gt; but was:&lt;404&gt;
	at junit.framework.Assert.fail(Assert.java:57)
	at junit.framework.Assert.failNotEquals(Assert.java:329)
	at junit.framework.Assert.assertEquals(Assert.java:78)
	at junit.framework.Assert.assertEquals(Assert.java:234)
	at junit.framework.Assert.assertEquals(Assert.java:241)
	at postRequest.PostRequestCode.validateDB(PostRequestCode.java:82)
... Removed 25 stack frames</pre></div><a href='#' onClick='toggleBox("stack-trace1401295795", this, "Click to show all stack frames", "Click to hide stack frames")'>Click to show all stack frames</a>
<div class='stack-trace' id='stack-trace1401295795'><pre>junit.framework.AssertionFailedError: expected:&lt;200&gt; but was:&lt;404&gt;
	at junit.framework.Assert.fail(Assert.java:57)
	at junit.framework.Assert.failNotEquals(Assert.java:329)
	at junit.framework.Assert.assertEquals(Assert.java:78)
	at junit.framework.Assert.assertEquals(Assert.java:234)
	at junit.framework.Assert.assertEquals(Assert.java:241)
	at postRequest.PostRequestCode.validateDB(PostRequestCode.java:82)
	at sun.reflect.NativeMethodAccessorImpl.invoke0(Native Method)
	at sun.reflect.NativeMethodAccessorImpl.invoke(NativeMethodAccessorImpl.java:62)
	at sun.reflect.DelegatingMethodAccessorImpl.invoke(DelegatingMethodAccessorImpl.java:43)
	at java.lang.reflect.Method.invoke(Method.java:498)
	at org.testng.internal.MethodInvocationHelper.invokeMethod(MethodInvocationHelper.java:124)
	at org.testng.internal.Invoker.invokeMethod(Invoker.java:583)
	at org.testng.internal.Invoker.invokeTestMethod(Invoker.java:719)
	at org.testng.internal.Invoker.invokeTestMethods(Invoker.java:989)
	at org.testng.internal.TestMethodWorker.invokeTestMethods(TestMethodWorker.java:125)
	at org.testng.internal.TestMethodWorker.run(TestMethodWorker.java:109)
	at org.testng.TestRunner.privateRun(TestRunner.java:648)
	at org.testng.TestRunner.run(TestRunner.java:505)
	at org.testng.SuiteRunner.runTest(SuiteRunner.java:455)
	at org.testng.SuiteRunner.runSequentially(SuiteRunner.java:450)
	at org.testng.SuiteRunner.privateRun(SuiteRunner.java:415)
	at org.testng.SuiteRunner.run(SuiteRunner.java:364)
	at org.testng.SuiteRunnerWorker.runSuite(SuiteRunnerWorker.java:52)
	at org.testng.SuiteRunnerWorker.run(SuiteRunnerWorker.java:84)
	at org.testng.TestNG.runSuitesSequentially(TestNG.java:1208)
	at org.testng.TestNG.runSuitesLocally(TestNG.java:1137)
	at org.testng.TestNG.runSuites(TestNG.java:1049)
	at org.testng.TestNG.run(TestNG.java:1017)
	at org.testng.remote.AbstractRemoteTestNG.run(AbstractRemoteTestNG.java:115)
	at org.testng.remote.RemoteTestNG.initAndRun(RemoteTestNG.java:251)
	at org.testng.remote.RemoteTestNG.main(RemoteTestNG.java:77)
</pre></div></td>
<td>0</td>
<td>postRequest.PostRequestCode@5622fdf</td></tr>
<tr>
<td title='putRequest.putMissingName.validateDB()'><b>validateDB</b><br>Test class: putRequest.putMissingName</td>
<td><div><pre>java.lang.AssertionError: expected [130] but found [130.00]
	at putRequest.putMissingName.validateDB(putMissingName.java:135)
... Removed 31 stack frames</pre></div><a href='#' onClick='toggleBox("stack-trace1712230656", this, "Click to show all stack frames", "Click to hide stack frames")'>Click to show all stack frames</a>
<div class='stack-trace' id='stack-trace1712230656'><pre>java.lang.AssertionError: expected [130] but found [130.00]
	at org.testng.Assert.fail(Assert.java:96)
	at org.testng.Assert.failNotEquals(Assert.java:776)
	at org.testng.Assert.assertEqualsImpl(Assert.java:137)
	at org.testng.Assert.assertEquals(Assert.java:118)
	at org.testng.Assert.assertEquals(Assert.java:453)
	at org.testng.Assert.assertEquals(Assert.java:463)
	at putRequest.putMissingName.validateDB(putMissingName.java:135)
	at sun.reflect.NativeMethodAccessorImpl.invoke0(Native Method)
	at sun.reflect.NativeMethodAccessorImpl.invoke(NativeMethodAccessorImpl.java:62)
	at sun.reflect.DelegatingMethodAccessorImpl.invoke(DelegatingMethodAccessorImpl.java:43)
	at java.lang.reflect.Method.invoke(Method.java:498)
	at org.testng.internal.MethodInvocationHelper.invokeMethod(MethodInvocationHelper.java:124)
	at org.testng.internal.Invoker.invokeMethod(Invoker.java:583)
	at org.testng.internal.Invoker.invokeTestMethod(Invoker.java:719)
	at org.testng.internal.Invoker.invokeTestMethods(Invoker.java:989)
	at org.testng.internal.TestMethodWorker.invokeTestMethods(TestMethodWorker.java:125)
	at org.testng.internal.TestMethodWorker.run(TestMethodWorker.java:109)
	at org.testng.TestRunner.privateRun(TestRunner.java:648)
	at org.testng.TestRunner.run(TestRunner.java:505)
	at org.testng.SuiteRunner.runTest(SuiteRunner.java:455)
	at org.testng.SuiteRunner.runSequentially(SuiteRunner.java:450)
	at org.testng.SuiteRunner.privateRun(SuiteRunner.java:415)
	at org.testng.SuiteRunner.run(SuiteRunner.java:364)
	at org.testng.SuiteRunnerWorker.runSuite(SuiteRunnerWorker.java:52)
	at org.testng.SuiteRunnerWorker.run(SuiteRunnerWorker.java:84)
	at org.testng.TestNG.runSuitesSequentially(TestNG.java:1208)
	at org.testng.TestNG.runSuitesLocally(TestNG.java:1137)
	at org.testng.TestNG.runSuites(TestNG.java:1049)
	at org.testng.TestNG.run(TestNG.java:1017)
	at org.testng.remote.AbstractRemoteTestNG.run(AbstractRemoteTestNG.java:115)
	at org.testng.remote.RemoteTestNG.initAndRun(RemoteTestNG.java:251)
	at org.testng.remote.RemoteTestNG.main(RemoteTestNG.java:77)
</pre></div></td>
<td>0</td>
<td>putRequest.putMissingName@7d9d1a19</td></tr>
<tr>
<td title='getRequest.GetDataId.validateDataType()'><b>validateDataType</b><br>Test class: getRequest.GetDataId</td>
<td><div><pre>java.lang.AssertionError: expected [String] but found [float]
	at getRequest.GetDataId.validateDataType(GetDataId.java:139)
... Removed 31 stack frames</pre></div><a href='#' onClick='toggleBox("stack-trace862025017", this, "Click to show all stack frames", "Click to hide stack frames")'>Click to show all stack frames</a>
<div class='stack-trace' id='stack-trace862025017'><pre>java.lang.AssertionError: expected [String] but found [float]
	at org.testng.Assert.fail(Assert.java:96)
	at org.testng.Assert.failNotEquals(Assert.java:776)
	at org.testng.Assert.assertEqualsImpl(Assert.java:137)
	at org.testng.Assert.assertEquals(Assert.java:118)
	at org.testng.Assert.assertEquals(Assert.java:453)
	at org.testng.Assert.assertEquals(Assert.java:463)
	at getRequest.GetDataId.validateDataType(GetDataId.java:139)
	at sun.reflect.NativeMethodAccessorImpl.invoke0(Native Method)
	at sun.reflect.NativeMethodAccessorImpl.invoke(NativeMethodAccessorImpl.java:62)
	at sun.reflect.DelegatingMethodAccessorImpl.invoke(DelegatingMethodAccessorImpl.java:43)
	at java.lang.reflect.Method.invoke(Method.java:498)
	at org.testng.internal.MethodInvocationHelper.invokeMethod(MethodInvocationHelper.java:124)
	at org.testng.internal.Invoker.invokeMethod(Invoker.java:583)
	at org.testng.internal.Invoker.invokeTestMethod(Invoker.java:719)
	at org.testng.internal.Invoker.invokeTestMethods(Invoker.java:989)
	at org.testng.internal.TestMethodWorker.invokeTestMethods(TestMethodWorker.java:125)
	at org.testng.internal.TestMethodWorker.run(TestMethodWorker.java:109)
	at org.testng.TestRunner.privateRun(TestRunner.java:648)
	at org.testng.TestRunner.run(TestRunner.java:505)
	at org.testng.SuiteRunner.runTest(SuiteRunner.java:455)
	at org.testng.SuiteRunner.runSequentially(SuiteRunner.java:450)
	at org.testng.SuiteRunner.privateRun(SuiteRunner.java:415)
	at org.testng.SuiteRunner.run(SuiteRunner.java:364)
	at org.testng.SuiteRunnerWorker.runSuite(SuiteRunnerWorker.java:52)
	at org.testng.SuiteRunnerWorker.run(SuiteRunnerWorker.java:84)
	at org.testng.TestNG.runSuitesSequentially(TestNG.java:1208)
	at org.testng.TestNG.runSuitesLocally(TestNG.java:1137)
	at org.testng.TestNG.runSuites(TestNG.java:1049)
	at org.testng.TestNG.run(TestNG.java:1017)
	at org.testng.remote.AbstractRemoteTestNG.run(AbstractRemoteTestNG.java:115)
	at org.testng.remote.RemoteTestNG.initAndRun(RemoteTestNG.java:251)
	at org.testng.remote.RemoteTestNG.main(RemoteTestNG.java:77)
</pre></div></td>
<td>0</td>
<td>getRequest.GetDataId@6a41eaa2</td></tr>
<tr>
<td title='getRequest.GetData.validateHeaders()'><b>validateHeaders</b><br>Test class: getRequest.GetData</td>
<td><div><pre>java.lang.AssertionError: expected [298] but found [1525]
	at getRequest.GetData.validateHeaders(GetData.java:118)
... Removed 31 stack frames</pre></div><a href='#' onClick='toggleBox("stack-trace1455855843", this, "Click to show all stack frames", "Click to hide stack frames")'>Click to show all stack frames</a>
<div class='stack-trace' id='stack-trace1455855843'><pre>java.lang.AssertionError: expected [298] but found [1525]
	at org.testng.Assert.fail(Assert.java:96)
	at org.testng.Assert.failNotEquals(Assert.java:776)
	at org.testng.Assert.assertEqualsImpl(Assert.java:137)
	at org.testng.Assert.assertEquals(Assert.java:118)
	at org.testng.Assert.assertEquals(Assert.java:453)
	at org.testng.Assert.assertEquals(Assert.java:463)
	at getRequest.GetData.validateHeaders(GetData.java:118)
	at sun.reflect.NativeMethodAccessorImpl.invoke0(Native Method)
	at sun.reflect.NativeMethodAccessorImpl.invoke(NativeMethodAccessorImpl.java:62)
	at sun.reflect.DelegatingMethodAccessorImpl.invoke(DelegatingMethodAccessorImpl.java:43)
	at java.lang.reflect.Method.invoke(Method.java:498)
	at org.testng.internal.MethodInvocationHelper.invokeMethod(MethodInvocationHelper.java:124)
	at org.testng.internal.Invoker.invokeMethod(Invoker.java:583)
	at org.testng.internal.Invoker.invokeTestMethod(Invoker.java:719)
	at org.testng.internal.Invoker.invokeTestMethods(Invoker.java:989)
	at org.testng.internal.TestMethodWorker.invokeTestMethods(TestMethodWorker.java:125)
	at org.testng.internal.TestMethodWorker.run(TestMethodWorker.java:109)
	at org.testng.TestRunner.privateRun(TestRunner.java:648)
	at org.testng.TestRunner.run(TestRunner.java:505)
	at org.testng.SuiteRunner.runTest(SuiteRunner.java:455)
	at org.testng.SuiteRunner.runSequentially(SuiteRunner.java:450)
	at org.testng.SuiteRunner.privateRun(SuiteRunner.java:415)
	at org.testng.SuiteRunner.run(SuiteRunner.java:364)
	at org.testng.SuiteRunnerWorker.runSuite(SuiteRunnerWorker.java:52)
	at org.testng.SuiteRunnerWorker.run(SuiteRunnerWorker.java:84)
	at org.testng.TestNG.runSuitesSequentially(TestNG.java:1208)
	at org.testng.TestNG.runSuitesLocally(TestNG.java:1137)
	at org.testng.TestNG.runSuites(TestNG.java:1049)
	at org.testng.TestNG.run(TestNG.java:1017)
	at org.testng.remote.AbstractRemoteTestNG.run(AbstractRemoteTestNG.java:115)
	at org.testng.remote.RemoteTestNG.initAndRun(RemoteTestNG.java:251)
	at org.testng.remote.RemoteTestNG.main(RemoteTestNG.java:77)
</pre></div></td>
<td>0</td>
<td>getRequest.GetData@685cb137</td></tr>
<tr>
<td title='getRequest.GetDataNegative.validateHeaders()'><b>validateHeaders</b><br>Test class: getRequest.GetDataNegative</td>
<td><div><pre>java.lang.AssertionError: expected [application/json] but found [application/problem+json]
	at getRequest.GetDataNegative.validateHeaders(GetDataNegative.java:102)
... Removed 31 stack frames</pre></div><a href='#' onClick='toggleBox("stack-trace1395262169", this, "Click to show all stack frames", "Click to hide stack frames")'>Click to show all stack frames</a>
<div class='stack-trace' id='stack-trace1395262169'><pre>java.lang.AssertionError: expected [application/json] but found [application/problem+json]
	at org.testng.Assert.fail(Assert.java:96)
	at org.testng.Assert.failNotEquals(Assert.java:776)
	at org.testng.Assert.assertEqualsImpl(Assert.java:137)
	at org.testng.Assert.assertEquals(Assert.java:118)
	at org.testng.Assert.assertEquals(Assert.java:453)
	at org.testng.Assert.assertEquals(Assert.java:463)
	at getRequest.GetDataNegative.validateHeaders(GetDataNegative.java:102)
	at sun.reflect.NativeMethodAccessorImpl.invoke0(Native Method)
	at sun.reflect.NativeMethodAccessorImpl.invoke(NativeMethodAccessorImpl.java:62)
	at sun.reflect.DelegatingMethodAccessorImpl.invoke(DelegatingMethodAccessorImpl.java:43)
	at java.lang.reflect.Method.invoke(Method.java:498)
	at org.testng.internal.MethodInvocationHelper.invokeMethod(MethodInvocationHelper.java:124)
	at org.testng.internal.Invoker.invokeMethod(Invoker.java:583)
	at org.testng.internal.Invoker.invokeTestMethod(Invoker.java:719)
	at org.testng.internal.Invoker.invokeTestMethods(Invoker.java:989)
	at org.testng.internal.TestMethodWorker.invokeTestMethods(TestMethodWorker.java:125)
	at org.testng.internal.TestMethodWorker.run(TestMethodWorker.java:109)
	at org.testng.TestRunner.privateRun(TestRunner.java:648)
	at org.testng.TestRunner.run(TestRunner.java:505)
	at org.testng.SuiteRunner.runTest(SuiteRunner.java:455)
	at org.testng.SuiteRunner.runSequentially(SuiteRunner.java:450)
	at org.testng.SuiteRunner.privateRun(SuiteRunner.java:415)
	at org.testng.SuiteRunner.run(SuiteRunner.java:364)
	at org.testng.SuiteRunnerWorker.runSuite(SuiteRunnerWorker.java:52)
	at org.testng.SuiteRunnerWorker.run(SuiteRunnerWorker.java:84)
	at org.testng.TestNG.runSuitesSequentially(TestNG.java:1208)
	at org.testng.TestNG.runSuitesLocally(TestNG.java:1137)
	at org.testng.TestNG.runSuites(TestNG.java:1049)
	at org.testng.TestNG.run(TestNG.java:1017)
	at org.testng.remote.AbstractRemoteTestNG.run(AbstractRemoteTestNG.java:115)
	at org.testng.remote.RemoteTestNG.initAndRun(RemoteTestNG.java:251)
	at org.testng.remote.RemoteTestNG.main(RemoteTestNG.java:77)
</pre></div></td>
<td>0</td>
<td>getRequest.GetDataNegative@7cd62f43</td></tr>
<tr>
<td title='delete.deleteMissing.validateHeaders()'><b>validateHeaders</b><br>Test class: delete.deleteMissing</td>
<td><div><pre>java.lang.AssertionError: expected:&lt;application/problem+json&gt; but was:&lt;application/json&gt;
	at delete.deleteMissing.validateHeaders(deleteMissing.java:92)
... Removed 27 stack frames</pre></div><a href='#' onClick='toggleBox("stack-trace1644864746", this, "Click to show all stack frames", "Click to hide stack frames")'>Click to show all stack frames</a>
<div class='stack-trace' id='stack-trace1644864746'><pre>java.lang.AssertionError: expected:&lt;application/problem+json&gt; but was:&lt;application/json&gt;
	at org.testng.AssertJUnit.assertEquals(AssertJUnit.java:101)
	at org.testng.AssertJUnit.assertEquals(AssertJUnit.java:108)
	at delete.deleteMissing.validateHeaders(deleteMissing.java:92)
	at sun.reflect.NativeMethodAccessorImpl.invoke0(Native Method)
	at sun.reflect.NativeMethodAccessorImpl.invoke(NativeMethodAccessorImpl.java:62)
	at sun.reflect.DelegatingMethodAccessorImpl.invoke(DelegatingMethodAccessorImpl.java:43)
	at java.lang.reflect.Method.invoke(Method.java:498)
	at org.testng.internal.MethodInvocationHelper.invokeMethod(MethodInvocationHelper.java:124)
	at org.testng.internal.Invoker.invokeMethod(Invoker.java:583)
	at org.testng.internal.Invoker.invokeTestMethod(Invoker.java:719)
	at org.testng.internal.Invoker.invokeTestMethods(Invoker.java:989)
	at org.testng.internal.TestMethodWorker.invokeTestMethods(TestMethodWorker.java:125)
	at org.testng.internal.TestMethodWorker.run(TestMethodWorker.java:109)
	at org.testng.TestRunner.privateRun(TestRunner.java:648)
	at org.testng.TestRunner.run(TestRunner.java:505)
	at org.testng.SuiteRunner.runTest(SuiteRunner.java:455)
	at org.testng.SuiteRunner.runSequentially(SuiteRunner.java:450)
	at org.testng.SuiteRunner.privateRun(SuiteRunner.java:415)
	at org.testng.SuiteRunner.run(SuiteRunner.java:364)
	at org.testng.SuiteRunnerWorker.runSuite(SuiteRunnerWorker.java:52)
	at org.testng.SuiteRunnerWorker.run(SuiteRunnerWorker.java:84)
	at org.testng.TestNG.runSuitesSequentially(TestNG.java:1208)
	at org.testng.TestNG.runSuitesLocally(TestNG.java:1137)
	at org.testng.TestNG.runSuites(TestNG.java:1049)
	at org.testng.TestNG.run(TestNG.java:1017)
	at org.testng.remote.AbstractRemoteTestNG.run(AbstractRemoteTestNG.java:115)
	at org.testng.remote.RemoteTestNG.initAndRun(RemoteTestNG.java:251)
	at org.testng.remote.RemoteTestNG.main(RemoteTestNG.java:77)
</pre></div></td>
<td>0</td>
<td>delete.deleteMissing@57baeedf</td></tr>
<tr>
<td title='getRequest.GetData.validateResponseBody()'><b>validateResponseBody</b><br>Test class: getRequest.GetData</td>
<td><div><pre>java.lang.AssertionError: expected [true] but found [false]
	at getRequest.GetData.validateResponseBody(GetData.java:86)
... Removed 31 stack frames</pre></div><a href='#' onClick='toggleBox("stack-trace1242688388", this, "Click to show all stack frames", "Click to hide stack frames")'>Click to show all stack frames</a>
<div class='stack-trace' id='stack-trace1242688388'><pre>java.lang.AssertionError: expected [true] but found [false]
	at org.testng.Assert.fail(Assert.java:96)
	at org.testng.Assert.failNotEquals(Assert.java:776)
	at org.testng.Assert.assertEqualsImpl(Assert.java:137)
	at org.testng.Assert.assertEquals(Assert.java:118)
	at org.testng.Assert.assertEquals(Assert.java:568)
	at org.testng.Assert.assertEquals(Assert.java:578)
	at getRequest.GetData.validateResponseBody(GetData.java:86)
	at sun.reflect.NativeMethodAccessorImpl.invoke0(Native Method)
	at sun.reflect.NativeMethodAccessorImpl.invoke(NativeMethodAccessorImpl.java:62)
	at sun.reflect.DelegatingMethodAccessorImpl.invoke(DelegatingMethodAccessorImpl.java:43)
	at java.lang.reflect.Method.invoke(Method.java:498)
	at org.testng.internal.MethodInvocationHelper.invokeMethod(MethodInvocationHelper.java:124)
	at org.testng.internal.Invoker.invokeMethod(Invoker.java:583)
	at org.testng.internal.Invoker.invokeTestMethod(Invoker.java:719)
	at org.testng.internal.Invoker.invokeTestMethods(Invoker.java:989)
	at org.testng.internal.TestMethodWorker.invokeTestMethods(TestMethodWorker.java:125)
	at org.testng.internal.TestMethodWorker.run(TestMethodWorker.java:109)
	at org.testng.TestRunner.privateRun(TestRunner.java:648)
	at org.testng.TestRunner.run(TestRunner.java:505)
	at org.testng.SuiteRunner.runTest(SuiteRunner.java:455)
	at org.testng.SuiteRunner.runSequentially(SuiteRunner.java:450)
	at org.testng.SuiteRunner.privateRun(SuiteRunner.java:415)
	at org.testng.SuiteRunner.run(SuiteRunner.java:364)
	at org.testng.SuiteRunnerWorker.runSuite(SuiteRunnerWorker.java:52)
	at org.testng.SuiteRunnerWorker.run(SuiteRunnerWorker.java:84)
	at org.testng.TestNG.runSuitesSequentially(TestNG.java:1208)
	at org.testng.TestNG.runSuitesLocally(TestNG.java:1137)
	at org.testng.TestNG.runSuites(TestNG.java:1049)
	at org.testng.TestNG.run(TestNG.java:1017)
	at org.testng.remote.AbstractRemoteTestNG.run(AbstractRemoteTestNG.java:115)
	at org.testng.remote.RemoteTestNG.initAndRun(RemoteTestNG.java:251)
	at org.testng.remote.RemoteTestNG.main(RemoteTestNG.java:77)
</pre></div></td>
<td>0</td>
<td>getRequest.GetData@685cb137</td></tr>
<tr>
<td title='getRequest.GetDataId.validateResponseBody()'><b>validateResponseBody</b><br>Test class: getRequest.GetDataId</td>
<td><div><pre>java.lang.AssertionError: expected:&lt;false&gt; but was:&lt;true&gt;
	at getRequest.GetDataId.validateResponseBody(GetDataId.java:100)
... Removed 30 stack frames</pre></div><a href='#' onClick='toggleBox("stack-trace691779749", this, "Click to show all stack frames", "Click to hide stack frames")'>Click to show all stack frames</a>
<div class='stack-trace' id='stack-trace691779749'><pre>java.lang.AssertionError: expected:&lt;false&gt; but was:&lt;true&gt;
	at org.testng.AssertJUnit.fail(AssertJUnit.java:59)
	at org.testng.AssertJUnit.failNotEquals(AssertJUnit.java:364)
	at org.testng.AssertJUnit.assertEquals(AssertJUnit.java:80)
	at org.testng.AssertJUnit.assertEquals(AssertJUnit.java:185)
	at org.testng.AssertJUnit.assertEquals(AssertJUnit.java:192)
	at getRequest.GetDataId.validateResponseBody(GetDataId.java:100)
	at sun.reflect.NativeMethodAccessorImpl.invoke0(Native Method)
	at sun.reflect.NativeMethodAccessorImpl.invoke(NativeMethodAccessorImpl.java:62)
	at sun.reflect.DelegatingMethodAccessorImpl.invoke(DelegatingMethodAccessorImpl.java:43)
	at java.lang.reflect.Method.invoke(Method.java:498)
	at org.testng.internal.MethodInvocationHelper.invokeMethod(MethodInvocationHelper.java:124)
	at org.testng.internal.Invoker.invokeMethod(Invoker.java:583)
	at org.testng.internal.Invoker.invokeTestMethod(Invoker.java:719)
	at org.testng.internal.Invoker.invokeTestMethods(Invoker.java:989)
	at org.testng.internal.TestMethodWorker.invokeTestMethods(TestMethodWorker.java:125)
	at org.testng.internal.TestMethodWorker.run(TestMethodWorker.java:109)
	at org.testng.TestRunner.privateRun(TestRunner.java:648)
	at org.testng.TestRunner.run(TestRunner.java:505)
	at org.testng.SuiteRunner.runTest(SuiteRunner.java:455)
	at org.testng.SuiteRunner.runSequentially(SuiteRunner.java:450)
	at org.testng.SuiteRunner.privateRun(SuiteRunner.java:415)
	at org.testng.SuiteRunner.run(SuiteRunner.java:364)
	at org.testng.SuiteRunnerWorker.runSuite(SuiteRunnerWorker.java:52)
	at org.testng.SuiteRunnerWorker.run(SuiteRunnerWorker.java:84)
	at org.testng.TestNG.runSuitesSequentially(TestNG.java:1208)
	at org.testng.TestNG.runSuitesLocally(TestNG.java:1137)
	at org.testng.TestNG.runSuites(TestNG.java:1049)
	at org.testng.TestNG.run(TestNG.java:1017)
	at org.testng.remote.AbstractRemoteTestNG.run(AbstractRemoteTestNG.java:115)
	at org.testng.remote.RemoteTestNG.initAndRun(RemoteTestNG.java:251)
	at org.testng.remote.RemoteTestNG.main(RemoteTestNG.java:77)
</pre></div></td>
<td>0</td>
<td>getRequest.GetDataId@6a41eaa2</td></tr>
</table><p>
<table width='100%' border='1' class='invocation-passed'>
<tr><td colspan='4' align='center'><b>PASSED TESTS</b></td></tr>
<tr><td><b>Test method</b></td>
<td width="30%"><b>Exception</b></td>
<td width="10%"><b>Time (seconds)</b></td>
<td><b>Instance</b></td>
</tr>
<tr>
<td title='delete.deleteMissing.testDeleteResponseBody()'><b>testDeleteResponseBody</b><br>Test class: delete.deleteMissing</td>
<td></td>
<td>0</td>
<td>delete.deleteMissing@57baeedf</td></tr>
<tr>
<td title='delete.delete.testDeleteResponseCode()'><b>testDeleteResponseCode</b><br>Test class: delete.delete</td>
<td></td>
<td>0</td>
<td>delete.delete@42e26948</td></tr>
<tr>
<td title='delete.deleteMissing.testDeleteResponseCode()'><b>testDeleteResponseCode</b><br>Test class: delete.deleteMissing</td>
<td></td>
<td>0</td>
<td>delete.deleteMissing@57baeedf</td></tr>
<tr>
<td title='delete.delete.testDeleteResponseStatusLine()'><b>testDeleteResponseStatusLine</b><br>Test class: delete.delete</td>
<td></td>
<td>0</td>
<td>delete.delete@42e26948</td></tr>
<tr>
<td title='delete.deleteMissing.testDeleteResponseStatusLine()'><b>testDeleteResponseStatusLine</b><br>Test class: delete.deleteMissing</td>
<td></td>
<td>0</td>
<td>delete.deleteMissing@57baeedf</td></tr>
<tr>
<td title='postRequest.PostRequest.testPostResponseCode()'><b>testPostResponseCode</b><br>Test class: postRequest.PostRequest</td>
<td></td>
<td>0</td>
<td>postRequest.PostRequest@6d4b1c02</td></tr>
<tr>
<td title='postRequest.PostRequestCode.testPostResponseCode()'><b>testPostResponseCode</b><br>Test class: postRequest.PostRequestCode</td>
<td></td>
<td>0</td>
<td>postRequest.PostRequestCode@5622fdf</td></tr>
<tr>
<td title='postRequest.PostRequest.testPostResponseStatusLine()'><b>testPostResponseStatusLine</b><br>Test class: postRequest.PostRequest</td>
<td></td>
<td>0</td>
<td>postRequest.PostRequest@6d4b1c02</td></tr>
<tr>
<td title='putRequest.putMissingName.testPutResponseCode()'><b>testPutResponseCode</b><br>Test class: putRequest.putMissingName</td>
<td></td>
<td>0</td>
<td>putRequest.putMissingName@7d9d1a19</td></tr>
<tr>
<td title='putRequest.putMissingPrice.testPutResponseCode()'><b>testPutResponseCode</b><br>Test class: putRequest.putMissingPrice</td>
<td></td>
<td>0</td>
<td>putRequest.putMissingPrice@39c0f4a</td></tr>
<tr>
<td title='putRequest.putRequest.testPutResponseCode()'><b>testPutResponseCode</b><br>Test class: putRequest.putRequest</td>
<td></td>
<td>0</td>
<td>putRequest.putRequest@1794d431</td></tr>
<tr>
<td title='putRequest.putMissingName.testPutResponseStatusLine()'><b>testPutResponseStatusLine</b><br>Test class: putRequest.putMissingName</td>
<td></td>
<td>0</td>
<td>putRequest.putMissingName@7d9d1a19</td></tr>
<tr>
<td title='putRequest.putMissingPrice.testPutResponseStatusLine()'><b>testPutResponseStatusLine</b><br>Test class: putRequest.putMissingPrice</td>
<td></td>
<td>0</td>
<td>putRequest.putMissingPrice@39c0f4a</td></tr>
<tr>
<td title='putRequest.putRequest.testPutResponseStatusLine()'><b>testPutResponseStatusLine</b><br>Test class: putRequest.putRequest</td>
<td></td>
<td>0</td>
<td>putRequest.putRequest@1794d431</td></tr>
<tr>
<td title='getRequest.GetData.testResponseCode()'><b>testResponseCode</b><br>Test class: getRequest.GetData</td>
<td></td>
<td>0</td>
<td>getRequest.GetData@685cb137</td></tr>
<tr>
<td title='getRequest.GetDataId.testResponseCode()'><b>testResponseCode</b><br>Test class: getRequest.GetDataId</td>
<td></td>
<td>0</td>
<td>getRequest.GetDataId@6a41eaa2</td></tr>
<tr>
<td title='getRequest.GetDataNegative.testResponseCode()'><b>testResponseCode</b><br>Test class: getRequest.GetDataNegative</td>
<td></td>
<td>0</td>
<td>getRequest.GetDataNegative@7cd62f43</td></tr>
<tr>
<td title='getRequest.GetDataId.testResponseDataId()'><b>testResponseDataId</b><br>Test class: getRequest.GetDataId</td>
<td></td>
<td>0</td>
<td>getRequest.GetDataId@6a41eaa2</td></tr>
<tr>
<td title='getRequest.GetData.testResponseLine()'><b>testResponseLine</b><br>Test class: getRequest.GetData</td>
<td></td>
<td>0</td>
<td>getRequest.GetData@685cb137</td></tr>
<tr>
<td title='getRequest.GetDataId.testResponseLine()'><b>testResponseLine</b><br>Test class: getRequest.GetDataId</td>
<td></td>
<td>0</td>
<td>getRequest.GetDataId@6a41eaa2</td></tr>
<tr>
<td title='getRequest.GetDataNegative.testResponseLine()'><b>testResponseLine</b><br>Test class: getRequest.GetDataNegative</td>
<td></td>
<td>0</td>
<td>getRequest.GetDataNegative@7cd62f43</td></tr>
<tr>
<td title='postRequest.PostRequest.validateDB()'><b>validateDB</b><br>Test class: postRequest.PostRequest</td>
<td></td>
<td>0</td>
<td>postRequest.PostRequest@6d4b1c02</td></tr>
<tr>
<td title='putRequest.putMissingPrice.validateDB()'><b>validateDB</b><br>Test class: putRequest.putMissingPrice</td>
<td></td>
<td>0</td>
<td>putRequest.putMissingPrice@39c0f4a</td></tr>
<tr>
<td title='putRequest.putRequest.validateDB()'><b>validateDB</b><br>Test class: putRequest.putRequest</td>
<td></td>
<td>0</td>
<td>putRequest.putRequest@1794d431</td></tr>
<tr>
<td title='delete.delete.validateDB()'><b>validateDB</b><br>Test class: delete.delete</td>
<td></td>
<td>0</td>
<td>delete.delete@42e26948</td></tr>
<tr>
<td title='getRequest.GetData.validateDataType()'><b>validateDataType</b><br>Test class: getRequest.GetData</td>
<td></td>
<td>0</td>
<td>getRequest.GetData@685cb137</td></tr>
<tr>
<td title='getRequest.GetDataId.validateHeaders()'><b>validateHeaders</b><br>Test class: getRequest.GetDataId</td>
<td></td>
<td>0</td>
<td>getRequest.GetDataId@6a41eaa2</td></tr>
<tr>
<td title='putRequest.putMissingName.validateHeaders()'><b>validateHeaders</b><br>Test class: putRequest.putMissingName</td>
<td></td>
<td>0</td>
<td>putRequest.putMissingName@7d9d1a19</td></tr>
<tr>
<td title='putRequest.putMissingPrice.validateHeaders()'><b>validateHeaders</b><br>Test class: putRequest.putMissingPrice</td>
<td></td>
<td>0</td>
<td>putRequest.putMissingPrice@39c0f4a</td></tr>
<tr>
<td title='putRequest.putRequest.validateHeaders()'><b>validateHeaders</b><br>Test class: putRequest.putRequest</td>
<td></td>
<td>0</td>
<td>putRequest.putRequest@1794d431</td></tr>
<tr>
<td title='delete.delete.validateHeaders()'><b>validateHeaders</b><br>Test class: delete.delete</td>
<td></td>
<td>0</td>
<td>delete.delete@42e26948</td></tr>
<tr>
<td title='getRequest.GetDataNegative.validateResponseBody()'><b>validateResponseBody</b><br>Test class: getRequest.GetDataNegative</td>
<td></td>
<td>0</td>
<td>getRequest.GetDataNegative@7cd62f43</td></tr>
</table><p>
</body>
</html>