<?xml version="1.0" encoding="UTF-8"?>
<!-- Generated by org.testng.reporters.JUnitXMLReporter -->
<testsuite hostname="Shivanis-MacBook-Air.local" ignored="0" name="restassuredtests" tests="43" failures="11" timestamp="24 Oct 2019 20:23:39 GMT" time="3.208" errors="0">
  <testcase name="testResponseCode" time="0.008" classname="getRequest.GetData"/>
  <testcase name="testResponseLine" time="0.002" classname="getRequest.GetData"/>
  <testcase name="validateResponseBody" time="0.047" classname="getRequest.GetData">
    <failure type="java.lang.AssertionError" message="expected [true] but found [false]">
      <![CDATA[java.lang.AssertionError: expected [true] but found [false]
at getRequest.GetData.validateResponseBody(GetData.java:86)
... Removed 31 stack frames]]>
    </failure>
  </testcase> <!-- validateResponseBody -->
  <testcase name="validateHeaders" time="0.155" classname="getRequest.GetData">
    <failure type="java.lang.AssertionError" message="expected [298] but found [1525]">
      <![CDATA[java.lang.AssertionError: expected [298] but found [1525]
at getRequest.GetData.validateHeaders(GetData.java:118)
... Removed 31 stack frames]]>
    </failure>
  </testcase> <!-- validateHeaders -->
  <testcase name="validateDataType" time="0.476" classname="getRequest.GetData"/>
  <testcase name="testResponseCode" time="0.001" classname="getRequest.GetDataId"/>
  <testcase name="testResponseLine" time="0.002" classname="getRequest.GetDataId"/>
  <testcase name="testResponseDataId" time="0.013" classname="getRequest.GetDataId"/>
  <testcase name="validateResponseBody" time="0.004" classname="getRequest.GetDataId">
    <failure type="java.lang.AssertionError" message="expected:&amp;lt;false&amp;gt; but was:&amp;lt;true&amp;gt;">
      <![CDATA[java.lang.AssertionError: expected:<false> but was:<true>
at getRequest.GetDataId.validateResponseBody(GetDataId.java:100)
... Removed 30 stack frames]]>
    </failure>
  </testcase> <!-- validateResponseBody -->
  <testcase name="validateHeaders" time="0.002" classname="getRequest.GetDataId"/>
  <testcase name="validateDataType" time="0.015" classname="getRequest.GetDataId">
    <failure type="java.lang.AssertionError" message="expected [String] but found [float]">
      <![CDATA[java.lang.AssertionError: expected [String] but found [float]
at getRequest.GetDataId.validateDataType(GetDataId.java:139)
... Removed 31 stack frames]]>
    </failure>
  </testcase> <!-- validateDataType -->
  <testcase name="testResponseCode" time="0.002" classname="getRequest.GetDataNegative"/>
  <testcase name="testResponseLine" time="0.002" classname="getRequest.GetDataNegative"/>
  <testcase name="validateResponseBody" time="0.024" classname="getRequest.GetDataNegative"/>
  <testcase name="validateHeaders" time="0.002" classname="getRequest.GetDataNegative">
    <failure type="java.lang.AssertionError" message="expected [application/json] but found [application/problem+json]">
      <![CDATA[java.lang.AssertionError: expected [application/json] but found [application/problem+json]
at getRequest.GetDataNegative.validateHeaders(GetDataNegative.java:102)
... Removed 31 stack frames]]>
    </failure>
  </testcase> <!-- validateHeaders -->
  <testcase name="testPostResponseCode" time="0.003" classname="postRequest.PostRequest"/>
  <testcase name="testPostResponseStatusLine" time="0.001" classname="postRequest.PostRequest"/>
  <testcase name="validateDB" time="0.081" classname="postRequest.PostRequest"/>
  <testcase name="testPostResponseCode" time="0.002" classname="postRequest.postMissingNode">
    <failure type="junit.framework.AssertionFailedError" message="expected:&amp;lt;404&amp;gt; but was:&amp;lt;400&amp;gt;">
      <![CDATA[junit.framework.AssertionFailedError: expected:<404> but was:<400>
at junit.framework.Assert.fail(Assert.java:57)
at junit.framework.Assert.failNotEquals(Assert.java:329)
at junit.framework.Assert.assertEquals(Assert.java:78)
at junit.framework.Assert.assertEquals(Assert.java:234)
at junit.framework.Assert.assertEquals(Assert.java:241)
at postRequest.postMissingNode.testPostResponseCode(postMissingNode.java:56)
... Removed 25 stack frames]]>
    </failure>
  </testcase> <!-- testPostResponseCode -->
  <testcase name="testPostResponseStatusLine" time="0.002" classname="postRequest.postMissingNode">
    <failure type="junit.framework.ComparisonFailure" message="expected:&amp;lt;HTTP/1.1 40[0] BAD REQUEST&amp;gt; but was:&amp;lt;HTTP/1.1 40[4] BAD REQUEST&amp;gt;">
      <![CDATA[junit.framework.ComparisonFailure: expected:<HTTP/1.1 40[0] BAD REQUEST> but was:<HTTP/1.1 40[4] BAD REQUEST>
at junit.framework.Assert.assertEquals(Assert.java:100)
at junit.framework.Assert.assertEquals(Assert.java:107)
at postRequest.postMissingNode.testPostResponseStatusLine(postMissingNode.java:73)
... Removed 25 stack frames]]>
    </failure>
  </testcase> <!-- testPostResponseStatusLine -->
  <testcase name="testPostResponseCode" time="0.002" classname="postRequest.PostRequestCode"/>
  <testcase name="validateDB" time="0.024" classname="postRequest.PostRequestCode">
    <failure type="junit.framework.AssertionFailedError" message="expected:&amp;lt;200&amp;gt; but was:&amp;lt;404&amp;gt;">
      <![CDATA[junit.framework.AssertionFailedError: expected:<200> but was:<404>
at junit.framework.Assert.fail(Assert.java:57)
at junit.framework.Assert.failNotEquals(Assert.java:329)
at junit.framework.Assert.assertEquals(Assert.java:78)
at junit.framework.Assert.assertEquals(Assert.java:234)
at junit.framework.Assert.assertEquals(Assert.java:241)
at postRequest.PostRequestCode.validateDB(PostRequestCode.java:82)
... Removed 25 stack frames]]>
    </failure>
  </testcase> <!-- validateDB -->
  <testcase name="testPostResponseCode" time="0.001" classname="postRequest.PostRequestId">
    <failure type="junit.framework.AssertionFailedError" message="expected:&amp;lt;404&amp;gt; but was:&amp;lt;200&amp;gt;">
      <![CDATA[junit.framework.AssertionFailedError: expected:<404> but was:<200>
at junit.framework.Assert.fail(Assert.java:57)
at junit.framework.Assert.failNotEquals(Assert.java:329)
at junit.framework.Assert.assertEquals(Assert.java:78)
at junit.framework.Assert.assertEquals(Assert.java:234)
at junit.framework.Assert.assertEquals(Assert.java:241)
at postRequest.PostRequestId.testPostResponseCode(PostRequestId.java:60)
... Removed 25 stack frames]]>
    </failure>
  </testcase> <!-- testPostResponseCode -->
  <testcase name="testPutResponseCode" time="0.001" classname="putRequest.putMissingName"/>
  <testcase name="testPutResponseStatusLine" time="0.001" classname="putRequest.putMissingName"/>
  <testcase name="validateHeaders" time="0.007" classname="putRequest.putMissingName"/>
  <testcase name="validateDB" time="0.03" classname="putRequest.putMissingName">
    <failure type="java.lang.AssertionError" message="expected [130] but found [130.00]">
      <![CDATA[java.lang.AssertionError: expected [130] but found [130.00]
at putRequest.putMissingName.validateDB(putMissingName.java:135)
... Removed 31 stack frames]]>
    </failure>
  </testcase> <!-- validateDB -->
  <testcase name="testPutResponseCode" time="0.001" classname="putRequest.putMissingPrice"/>
  <testcase name="testPutResponseStatusLine" time="0.002" classname="putRequest.putMissingPrice"/>
  <testcase name="validateHeaders" time="0.001" classname="putRequest.putMissingPrice"/>
  <testcase name="validateDB" time="0.029" classname="putRequest.putMissingPrice"/>
  <testcase name="testPutResponseCode" time="0.001" classname="putRequest.putRequest"/>
  <testcase name="testPutResponseStatusLine" time="0.001" classname="putRequest.putRequest"/>
  <testcase name="validateHeaders" time="0.001" classname="putRequest.putRequest"/>
  <testcase name="validateDB" time="0.049" classname="putRequest.putRequest"/>
  <testcase name="testDeleteResponseCode" time="0.001" classname="delete.delete"/>
  <testcase name="testDeleteResponseStatusLine" time="0.002" classname="delete.delete"/>
  <testcase name="validateHeaders" time="0.001" classname="delete.delete"/>
  <testcase name="validateDB" time="0.021" classname="delete.delete"/>
  <testcase name="testDeleteResponseCode" time="0.001" classname="delete.deleteMissing"/>
  <testcase name="testDeleteResponseStatusLine" time="0.001" classname="delete.deleteMissing"/>
  <testcase name="validateHeaders" time="0.001" classname="delete.deleteMissing">
    <failure type="java.lang.AssertionError" message="expected:&amp;lt;application/problem+json&amp;gt; but was:&amp;lt;application/json&amp;gt;">
      <![CDATA[java.lang.AssertionError: expected:<application/problem+json> but was:<application/json>
at delete.deleteMissing.validateHeaders(deleteMissing.java:92)
... Removed 27 stack frames]]>
    </failure>
  </testcase> <!-- validateHeaders -->
  <testcase name="testDeleteResponseBody" time="0.023" classname="delete.deleteMissing"/>
</testsuite> <!-- restassuredtests -->
